<?xml version="1.0" encoding="utf-8"?><testsuites name="pytest tests"><testsuite name="pytest" errors="0" failures="0" skipped="0" tests="34" time="3.590" timestamp="2026-09-24T15:35:05.333531+00:00" hostname="agent-env-bb8798e3-6e35-4454-bdfa-f1f3990589ad"><testcase classname="tests.backend_test.TestPrivateApi" name="test_coins_no_token" time="0.401" /><testcase classname="tests.backend_test.TestPrivateApi" name="test_coins_invalid_token" time="0.076" /><testcase classname="tests.backend_test.TestWallet" name="test_wallet_list" time="0.476" /><testcase classname="tests.backend_test.TestWallet" name="test_deposit_address_tron_usdt" time="0.069" /><testcase classname="tests.backend_test.TestWallet" name="test_deposit_address_btc" time="0.241" /><testcase classname="tests.backend_test.TestWallet" name="test_deposit_address_eth" time="0.066" /><testcase classname="tests.backend_test.TestWallet" name="test_withdraw_insufficient" time="0.070" /><testcase classname="tests.backend_test.TestWallet" name="test_withdraw_ok" time="0.072" /><testcase classname="tests.backend_test.TestPrivateApi" name="test_coins_ok" time="0.523" /><testcase classname="tests.backend_test.TestWallet" name="test_exchange" time="0.153" /><testcase classname="tests.backend_test.TestPrivateApi" name="test_get_address_bad_signature" time="0.079" /><testcase classname="tests.backend_test.TestPrivateApi" name="test_get_address_ok" time="0.066" /><testcase classname="tests.backend_test.TestPrivateApi" name="test_order_create_and_get" time="0.587" /><testcase classname="tests.backend_test.TestAuth" name="test_login_success" time="0.288" /><testcase classname="tests.backend_test.TestAuth" name="test_login_invalid" time="0.296" /><testcase classname="tests.backend_test.TestPrivateApi" name="test_pay_in" time="0.088" /><testcase classname="tests.backend_test.TestAuth" name="test_me_with_bearer" time="0.081" /><testcase classname="tests.backend_test.TestAuth" name="test_me_unauth" time="0.169" /><testcase classname="tests.backend_test.TestPrivateApi" name="test_balance" time="0.076" /><testcase classname="tests.backend_test.TestInvoiceCheckout" name="test_create_invoice" time="0.067" /><testcase classname="tests.backend_test.TestInvoiceCheckout" name="test_list_invoices" time="0.071" /><testcase classname="tests.backend_test.TestAuth" name="test_register_new_user" time="0.471" /><testcase classname="tests.backend_test.TestInvoiceCheckout" name="test_checkout_get_public" time="0.246" /><testcase classname="tests.backend_test.TestInvoiceCheckout" name="test_checkout_select_and_pay" time="0.226" /><testcase classname="tests.backend_test.TestAuth" name="test_logout" time="0.108" /><testcase classname="tests.backend_test.TestInvoiceCheckout" name="test_cancel_invoice" time="0.178" /><testcase classname="tests.backend_test.TestMerchant" name="test_merchant_get" time="0.067" /><testcase classname="tests.backend_test.TestMerchant" name="test_merchant_update" time="0.065" /><testcase classname="tests.backend_test.TestDashboard" name="test_prices" time="0.063" /><testcase classname="tests.backend_test.TestMerchant" name="test_merchant_regenerate" time="0.136" /><testcase classname="tests.backend_test.TestDashboard" name="test_summary" time="0.069" /><testcase classname="tests.backend_test.TestContacts" name="test_contacts_crud" time="0.214" /><testcase classname="tests.backend_test.TestPublicApi" name="test_currency_list" time="0.066" /><testcase classname="tests.backend_test.TestPublicApi" name="test_currency_network_list" time="0.082" /></testsuite></testsuites>